# JRE version: OpenJDK Runtime Environment (17.0.6) (build 17.0.6+0-b2043.56-9586694)
# Java VM: OpenJDK 64-Bit Server VM (17.0.6+0-b2043.56-9586694, mixed mode, tiered, compressed oops, compressed class ptrs, g1 gc, windows-amd64)
GC Precious Log:
 CPUs: 8 total, 8 available
 Memory: 16258M
 Large Page Support: Disabled
 NUMA Support: Disabled
 Compressed Oops: Enabled (32-bit)
 Heap Region Size: 1M
 Heap Min Capacity: 8M
 Heap Initial Capacity: 256M
 Heap Max Capacity: 2G
 Pre-touch: Disabled
 Parallel Workers: 8
 Concurrent Workers: 2
 Concurrent Refinement Workers: 8
 Periodic GC: Disabled
Heap:
 garbage-first heap   total 413696K, used 260271K [0x0000000080000000, 0x0000000100000000)
  region size 1024K, 10 young (10240K), 10 survivors (10240K)
 Metaspace       used 117453K, committed 118656K, reserved 1155072K
  class space    used 15815K, committed 16384K, reserved 1048576K
GC Heap History (20 events):
Event: 17.692 GC heap after
{Heap after GC invocations=56 (full 0):
 garbage-first heap   total 350208K, used 202331K [0x0000000080000000, 0x0000000100000000)
  region size 1024K, 5 young (5120K), 5 survivors (5120K)
 Metaspace       used 100600K, committed 101440K, reserved 1138688K
  class space    used 13564K, committed 13952K, reserved 1048576K
}
Event: 17.808 GC heap before
{Heap before GC invocations=56 (full 0):
 garbage-first heap   total 350208K, used 213595K [0x0000000080000000, 0x0000000100000000)
  region size 1024K, 17 young (17408K), 5 survivors (5120K)
 Metaspace       used 100662K, committed 101504K, reserved 1138688K
  class space    used 13564K, committed 13952K, reserved 1048576K
}
Event: 17.818 GC heap after
{Heap after GC invocations=57 (full 0):
 garbage-first heap   total 350208K, used 202304K [0x0000000080000000, 0x0000000100000000)
  region size 1024K, 1 young (1024K), 1 survivors (1024K)
 Metaspace       used 100662K, committed 101504K, reserved 1138688K
  class space    used 13564K, committed 13952K, reserved 1048576K
}
Event: 18.481 GC heap before
{Heap before GC invocations=57 (full 0):
 garbage-first heap   total 350208K, used 285248K [0x0000000080000000, 0x0000000100000000)
  region size 1024K, 83 young (84992K), 1 survivors (1024K)
 Metaspace       used 101185K, committed 102080K, reserved 1138688K
  class space    used 13604K, committed 14016K, reserved 1048576K
}
Event: 18.490 GC heap after
{Heap after GC invocations=58 (full 0):
 garbage-first heap   total 350208K, used 208671K [0x0000000080000000, 0x0000000100000000)
  region size 1024K, 8 young (8192K), 8 survivors (8192K)
 Metaspace       used 101185K, committed 102080K, reserved 1138688K
  class space    used 13604K, committed 14016K, reserved 1048576K
}
Event: 19.239 GC heap before
{Heap before GC invocations=59 (full 0):
 garbage-first heap   total 377856K, used 287519K [0x0000000080000000, 0x0000000100000000)
  region size 1024K, 86 young (88064K), 8 survivors (8192K)
 Metaspace       used 101821K, committed 102720K, reserved 1138688K
  class space    used 13670K, committed 14080K, reserved 1048576K
}
Event: 19.250 GC heap after
{Heap after GC invocations=60 (full 0):
 garbage-first heap   total 377856K, used 212316K [0x0000000080000000, 0x0000000100000000)
  region size 1024K, 5 young (5120K), 5 survivors (5120K)
 Metaspace       used 101821K, committed 102720K, reserved 1138688K
  class space    used 13670K, committed 14080K, reserved 1048576K
}
Event: 19.312 GC heap before
{Heap before GC invocations=60 (full 0):
 garbage-first heap   total 377856K, used 225628K [0x0000000080000000, 0x0000000100000000)
  region size 1024K, 18 young (18432K), 5 survivors (5120K)
 Metaspace       used 102038K, committed 102912K, reserved 1138688K
  class space    used 13712K, committed 14144K, reserved 1048576K
}
Event: 19.318 GC heap after
{Heap after GC invocations=61 (full 0):
 garbage-first heap   total 377856K, used 212691K [0x0000000080000000, 0x0000000100000000)
  region size 1024K, 1 young (1024K), 1 survivors (1024K)
 Metaspace       used 102038K, committed 102912K, reserved 1138688K
  class space    used 13712K, committed 14144K, reserved 1048576K
}
Event: 20.496 GC heap before
{Heap before GC invocations=61 (full 0):
 garbage-first heap   total 377856K, used 314067K [0x0000000080000000, 0x0000000100000000)
  region size 1024K, 101 young (103424K), 1 survivors (1024K)
 Metaspace       used 108105K, committed 109056K, reserved 1146880K
  class space    used 14502K, committed 14912K, reserved 1048576K
}
Event: 20.504 GC heap after
{Heap after GC invocations=62 (full 0):
 garbage-first heap   total 377856K, used 218631K [0x0000000080000000, 0x0000000100000000)
  region size 1024K, 7 young (7168K), 7 survivors (7168K)
 Metaspace       used 108105K, committed 109056K, reserved 1146880K
  class space    used 14502K, committed 14912K, reserved 1048576K
}
Event: 21.617 GC heap before
{Heap before GC invocations=62 (full 0):
 garbage-first heap   total 377856K, used 315911K [0x0000000080000000, 0x0000000100000000)
  region size 1024K, 102 young (104448K), 7 survivors (7168K)
 Metaspace       used 112580K, committed 113536K, reserved 1146880K
  class space    used 15132K, committed 15552K, reserved 1048576K
}
Event: 21.628 GC heap after
{Heap after GC invocations=63 (full 0):
 garbage-first heap   total 377856K, used 224815K [0x0000000080000000, 0x0000000100000000)
  region size 1024K, 13 young (13312K), 13 survivors (13312K)
 Metaspace       used 112580K, committed 113536K, reserved 1146880K
  class space    used 15132K, committed 15552K, reserved 1048576K
}
Event: 28.906 GC heap before
{Heap before GC invocations=63 (full 0):
 garbage-first heap   total 377856K, used 317999K [0x0000000080000000, 0x0000000100000000)
  region size 1024K, 104 young (106496K), 13 survivors (13312K)
 Metaspace       used 115878K, committed 116992K, reserved 1155072K
  class space    used 15570K, committed 16064K, reserved 1048576K
}
Event: 28.932 GC heap after
{Heap after GC invocations=64 (full 0):
 garbage-first heap   total 377856K, used 236018K [0x0000000080000000, 0x0000000100000000)
  region size 1024K, 13 young (13312K), 13 survivors (13312K)
 Metaspace       used 115878K, committed 116992K, reserved 1155072K
  class space    used 15570K, committed 16064K, reserved 1048576K
}
Event: 30.089 GC heap before
{Heap before GC invocations=65 (full 0):
 garbage-first heap   total 413696K, used 313842K [0x0000000080000000, 0x0000000100000000)
  region size 1024K, 89 young (91136K), 13 survivors (13312K)
 Metaspace       used 116711K, committed 117760K, reserved 1155072K
  class space    used 15708K, committed 16192K, reserved 1048576K
}
Event: 30.113 GC heap after
{Heap after GC invocations=66 (full 0):
 garbage-first heap   total 413696K, used 250052K [0x0000000080000000, 0x0000000100000000)
  region size 1024K, 12 young (12288K), 12 survivors (12288K)
 Metaspace       used 116711K, committed 117760K, reserved 1155072K
  class space    used 15708K, committed 16192K, reserved 1048576K
}
Event: 30.187 GC heap before
{Heap before GC invocations=66 (full 0):
 garbage-first heap   total 413696K, used 258244K [0x0000000080000000, 0x0000000100000000)
  region size 1024K, 20 young (20480K), 12 survivors (12288K)
 Metaspace       used 116720K, committed 117760K, reserved 1155072K
  class space    used 15708K, committed 16192K, reserved 1048576K
}
Event: 30.203 GC heap after
{Heap after GC invocations=67 (full 0):
 garbage-first heap   total 413696K, used 253557K [0x0000000080000000, 0x0000000100000000)
  region size 1024K, 3 young (3072K), 3 survivors (3072K)
 Metaspace       used 116720K, committed 117760K, reserved 1155072K
  class space    used 15708K, committed 16192K, reserved 1048576K
}
Event: 30.855 GC heap before
{Heap before GC invocations=67 (full 0):
 garbage-first heap   total 413696K, used 339573K [0x0000000080000000, 0x0000000100000000)
  region size 1024K, 87 young (89088K), 3 survivors (3072K)
 Metaspace       used 117453K, committed 118656K, reserved 1155072K
  class space    used 15815K, committed 16384K, reserved 1048576K
}

