# JRE version: OpenJDK Runtime Environment (17.0.6) (build 17.0.6+0-b2043.56-9586694)
# Java VM: OpenJDK 64-Bit Server VM (17.0.6+0-b2043.56-9586694, mixed mode, tiered, compressed oops, compressed class ptrs, g1 gc, windows-amd64)
GC Precious Log:
 CPUs: 8 total, 8 available
 Memory: 16258M
 Large Page Support: Disabled
 NUMA Support: Disabled
 Compressed Oops: Enabled (32-bit)
 Heap Region Size: 1M
 Heap Min Capacity: 8M
 Heap Initial Capacity: 256M
 Heap Max Capacity: 2G
 Pre-touch: Disabled
 Parallel Workers: 8
 Concurrent Workers: 2
 Concurrent Refinement Workers: 8
 Periodic GC: Disabled
Heap:
 garbage-first heap   total 473088K, used 380474K [0x0000000080000000, 0x0000000100000000)
  region size 1024K, 6 young (6144K), 6 survivors (6144K)
 Metaspace       used 140648K, committed 141696K, reserved 1179648K
  class space    used 18568K, committed 19072K, reserved 1048576K
GC Heap History (20 events):
Event: 83.458 GC heap after
{Heap after GC invocations=54 (full 0):
 garbage-first heap   total 473088K, used 342499K [0x0000000080000000, 0x0000000100000000)
  region size 1024K, 10 young (10240K), 10 survivors (10240K)
 Metaspace       used 139476K, committed 140608K, reserved 1171456K
  class space    used 18531K, committed 19072K, reserved 1048576K
}
Event: 83.938 GC heap before
{Heap before GC invocations=54 (full 0):
 garbage-first heap   total 473088K, used 407011K [0x0000000080000000, 0x0000000100000000)
  region size 1024K, 74 young (75776K), 10 survivors (10240K)
 Metaspace       used 139535K, committed 140672K, reserved 1171456K
  class space    used 18539K, committed 19072K, reserved 1048576K
}
Event: 83.951 GC heap after
{Heap after GC invocations=55 (full 0):
 garbage-first heap   total 473088K, used 343496K [0x0000000080000000, 0x0000000100000000)
  region size 1024K, 7 young (7168K), 7 survivors (7168K)
 Metaspace       used 139535K, committed 140672K, reserved 1171456K
  class space    used 18539K, committed 19072K, reserved 1048576K
}
Event: 84.340 GC heap before
{Heap before GC invocations=55 (full 0):
 garbage-first heap   total 473088K, used 408008K [0x0000000080000000, 0x0000000100000000)
  region size 1024K, 71 young (72704K), 7 survivors (7168K)
 Metaspace       used 139859K, committed 140992K, reserved 1171456K
  class space    used 18547K, committed 19072K, reserved 1048576K
}
Event: 84.348 GC heap after
{Heap after GC invocations=56 (full 0):
 garbage-first heap   total 473088K, used 345743K [0x0000000080000000, 0x0000000100000000)
  region size 1024K, 7 young (7168K), 7 survivors (7168K)
 Metaspace       used 139859K, committed 140992K, reserved 1171456K
  class space    used 18547K, committed 19072K, reserved 1048576K
}
Event: 84.620 GC heap before
{Heap before GC invocations=56 (full 0):
 garbage-first heap   total 473088K, used 409231K [0x0000000080000000, 0x0000000100000000)
  region size 1024K, 69 young (70656K), 7 survivors (7168K)
 Metaspace       used 140038K, committed 141120K, reserved 1171456K
  class space    used 18547K, committed 19072K, reserved 1048576K
}
Event: 84.627 GC heap after
{Heap after GC invocations=57 (full 0):
 garbage-first heap   total 473088K, used 347056K [0x0000000080000000, 0x0000000100000000)
  region size 1024K, 5 young (5120K), 5 survivors (5120K)
 Metaspace       used 140038K, committed 141120K, reserved 1171456K
  class space    used 18547K, committed 19072K, reserved 1048576K
}
Event: 84.923 GC heap before
{Heap before GC invocations=57 (full 0):
 garbage-first heap   total 473088K, used 411568K [0x0000000080000000, 0x0000000100000000)
  region size 1024K, 68 young (69632K), 5 survivors (5120K)
 Metaspace       used 140067K, committed 141184K, reserved 1171456K
  class space    used 18554K, committed 19072K, reserved 1048576K
}
Event: 84.931 GC heap after
{Heap after GC invocations=58 (full 0):
 garbage-first heap   total 473088K, used 347877K [0x0000000080000000, 0x0000000100000000)
  region size 1024K, 6 young (6144K), 6 survivors (6144K)
 Metaspace       used 140067K, committed 141184K, reserved 1171456K
  class space    used 18554K, committed 19072K, reserved 1048576K
}
Event: 85.380 GC heap before
{Heap before GC invocations=58 (full 0):
 garbage-first heap   total 473088K, used 416485K [0x0000000080000000, 0x0000000100000000)
  region size 1024K, 70 young (71680K), 6 survivors (6144K)
 Metaspace       used 140306K, committed 141376K, reserved 1171456K
  class space    used 18568K, committed 19072K, reserved 1048576K
}
Event: 85.389 GC heap after
{Heap after GC invocations=59 (full 0):
 garbage-first heap   total 473088K, used 351919K [0x0000000080000000, 0x0000000100000000)
  region size 1024K, 7 young (7168K), 7 survivors (7168K)
 Metaspace       used 140306K, committed 141376K, reserved 1171456K
  class space    used 18568K, committed 19072K, reserved 1048576K
}
Event: 85.511 GC heap before
{Heap before GC invocations=59 (full 0):
 garbage-first heap   total 473088K, used 412335K [0x0000000080000000, 0x0000000100000000)
  region size 1024K, 67 young (68608K), 7 survivors (7168K)
 Metaspace       used 140360K, committed 141440K, reserved 1179648K
  class space    used 18568K, committed 19072K, reserved 1048576K
}
Event: 85.524 GC heap after
{Heap after GC invocations=60 (full 0):
 garbage-first heap   total 473088K, used 360997K [0x0000000080000000, 0x0000000100000000)
  region size 1024K, 9 young (9216K), 9 survivors (9216K)
 Metaspace       used 140360K, committed 141440K, reserved 1179648K
  class space    used 18568K, committed 19072K, reserved 1048576K
}
Event: 85.664 GC heap before
{Heap before GC invocations=60 (full 0):
 garbage-first heap   total 473088K, used 411173K [0x0000000080000000, 0x0000000100000000)
  region size 1024K, 58 young (59392K), 9 survivors (9216K)
 Metaspace       used 140439K, committed 141504K, reserved 1179648K
  class space    used 18568K, committed 19072K, reserved 1048576K
}
Event: 85.676 GC heap after
{Heap after GC invocations=61 (full 0):
 garbage-first heap   total 473088K, used 368255K [0x0000000080000000, 0x0000000100000000)
  region size 1024K, 8 young (8192K), 8 survivors (8192K)
 Metaspace       used 140439K, committed 141504K, reserved 1179648K
  class space    used 18568K, committed 19072K, reserved 1048576K
}
Event: 85.795 GC heap before
{Heap before GC invocations=61 (full 0):
 garbage-first heap   total 473088K, used 410239K [0x0000000080000000, 0x0000000100000000)
  region size 1024K, 49 young (50176K), 8 survivors (8192K)
 Metaspace       used 140500K, committed 141568K, reserved 1179648K
  class space    used 18568K, committed 19072K, reserved 1048576K
}
Event: 85.806 GC heap after
{Heap after GC invocations=62 (full 0):
 garbage-first heap   total 473088K, used 371074K [0x0000000080000000, 0x0000000100000000)
  region size 1024K, 4 young (4096K), 4 survivors (4096K)
 Metaspace       used 140500K, committed 141568K, reserved 1179648K
  class space    used 18568K, committed 19072K, reserved 1048576K
}
Event: 85.960 GC heap before
{Heap before GC invocations=62 (full 0):
 garbage-first heap   total 473088K, used 412034K [0x0000000080000000, 0x0000000100000000)
  region size 1024K, 44 young (45056K), 4 survivors (4096K)
 Metaspace       used 140554K, committed 141632K, reserved 1179648K
  class space    used 18568K, committed 19072K, reserved 1048576K
}
Event: 85.969 GC heap after
{Heap after GC invocations=63 (full 0):
 garbage-first heap   total 473088K, used 374418K [0x0000000080000000, 0x0000000100000000)
  region size 1024K, 6 young (6144K), 6 survivors (6144K)
 Metaspace       used 140554K, committed 141632K, reserved 1179648K
  class space    used 18568K, committed 19072K, reserved 1048576K
}
Event: 86.089 GC heap before
{Heap before GC invocations=63 (full 0):
 garbage-first heap   total 473088K, used 412306K [0x0000000080000000, 0x0000000100000000)
  region size 1024K, 44 young (45056K), 6 survivors (6144K)
 Metaspace       used 140648K, committed 141696K, reserved 1179648K
  class space    used 18568K, committed 19072K, reserved 1048576K
}

