# JRE version: OpenJDK Runtime Environment (17.0.6) (build 17.0.6+0-b2043.56-9586694)
# Java VM: OpenJDK 64-Bit Server VM (17.0.6+0-b2043.56-9586694, mixed mode, tiered, compressed oops, compressed class ptrs, g1 gc, windows-amd64)
GC Precious Log:
 CPUs: 8 total, 8 available
 Memory: 16258M
 Large Page Support: Disabled
 NUMA Support: Disabled
 Compressed Oops: Enabled (32-bit)
 Heap Region Size: 1M
 Heap Min Capacity: 8M
 Heap Initial Capacity: 256M
 Heap Max Capacity: 2G
 Pre-touch: Disabled
 Parallel Workers: 8
 Concurrent Workers: 2
 Concurrent Refinement Workers: 8
 Periodic GC: Disabled
Heap:
 garbage-first heap   total 388096K, used 221462K [0x0000000080000000, 0x0000000100000000)
  region size 1024K, 6 young (6144K), 6 survivors (6144K)
 Metaspace       used 114162K, committed 115136K, reserved 1155072K
  class space    used 15325K, committed 15744K, reserved 1048576K
GC Heap History (20 events):
Event: 21.941 GC heap after
{Heap after GC invocations=50 (full 0):
 garbage-first heap   total 256000K, used 147841K [0x0000000080000000, 0x0000000100000000)
  region size 1024K, 9 young (9216K), 9 survivors (9216K)
 Metaspace       used 87122K, committed 87936K, reserved 1130496K
  class space    used 11923K, committed 12288K, reserved 1048576K
}
Event: 22.237 GC heap before
{Heap before GC invocations=50 (full 0):
 garbage-first heap   total 256000K, used 166273K [0x0000000080000000, 0x0000000100000000)
  region size 1024K, 28 young (28672K), 9 survivors (9216K)
 Metaspace       used 88489K, committed 89280K, reserved 1130496K
  class space    used 12123K, committed 12480K, reserved 1048576K
}
Event: 22.247 GC heap after
{Heap after GC invocations=51 (full 0):
 garbage-first heap   total 256000K, used 149813K [0x0000000080000000, 0x0000000100000000)
  region size 1024K, 2 young (2048K), 2 survivors (2048K)
 Metaspace       used 88489K, committed 89280K, reserved 1130496K
  class space    used 12123K, committed 12480K, reserved 1048576K
}
Event: 23.239 GC heap before
{Heap before GC invocations=52 (full 0):
 garbage-first heap   total 307200K, used 229685K [0x0000000080000000, 0x0000000100000000)
  region size 1024K, 53 young (54272K), 2 survivors (2048K)
 Metaspace       used 92418K, committed 93312K, reserved 1130496K
  class space    used 12672K, committed 13056K, reserved 1048576K
}
Event: 23.247 GC heap after
{Heap after GC invocations=53 (full 0):
 garbage-first heap   total 307200K, used 186912K [0x0000000080000000, 0x0000000100000000)
  region size 1024K, 8 young (8192K), 8 survivors (8192K)
 Metaspace       used 92418K, committed 93312K, reserved 1130496K
  class space    used 12672K, committed 13056K, reserved 1048576K
}
Event: 24.560 GC heap before
{Heap before GC invocations=54 (full 0):
 garbage-first heap   total 319488K, used 247328K [0x0000000080000000, 0x0000000100000000)
  region size 1024K, 66 young (67584K), 8 survivors (8192K)
 Metaspace       used 100482K, committed 101312K, reserved 1138688K
  class space    used 13722K, committed 14080K, reserved 1048576K
}
Event: 24.571 GC heap after
{Heap after GC invocations=55 (full 0):
 garbage-first heap   total 319488K, used 191180K [0x0000000080000000, 0x0000000100000000)
  region size 1024K, 4 young (4096K), 4 survivors (4096K)
 Metaspace       used 100482K, committed 101312K, reserved 1138688K
  class space    used 13722K, committed 14080K, reserved 1048576K
}
Event: 26.680 GC heap before
{Heap before GC invocations=55 (full 0):
 garbage-first heap   total 319488K, used 256716K [0x0000000080000000, 0x0000000100000000)
  region size 1024K, 68 young (69632K), 4 survivors (4096K)
 Metaspace       used 111541K, committed 112512K, reserved 1146880K
  class space    used 15100K, committed 15488K, reserved 1048576K
}
Event: 26.690 GC heap after
{Heap after GC invocations=56 (full 0):
 garbage-first heap   total 319488K, used 198402K [0x0000000080000000, 0x0000000100000000)
  region size 1024K, 9 young (9216K), 9 survivors (9216K)
 Metaspace       used 111541K, committed 112512K, reserved 1146880K
  class space    used 15100K, committed 15488K, reserved 1048576K
}
Event: 27.436 GC heap before
{Heap before GC invocations=57 (full 0):
 garbage-first heap   total 332800K, used 258818K [0x0000000080000000, 0x0000000100000000)
  region size 1024K, 69 young (70656K), 9 survivors (9216K)
 Metaspace       used 112289K, committed 113216K, reserved 1146880K
  class space    used 15151K, committed 15552K, reserved 1048576K
}
Event: 27.452 GC heap after
{Heap after GC invocations=58 (full 0):
 garbage-first heap   total 332800K, used 207865K [0x0000000080000000, 0x0000000100000000)
  region size 1024K, 9 young (9216K), 9 survivors (9216K)
 Metaspace       used 112289K, committed 113216K, reserved 1146880K
  class space    used 15151K, committed 15552K, reserved 1048576K
}
Event: 27.495 GC heap before
{Heap before GC invocations=58 (full 0):
 garbage-first heap   total 332800K, used 214009K [0x0000000080000000, 0x0000000100000000)
  region size 1024K, 16 young (16384K), 9 survivors (9216K)
 Metaspace       used 112331K, committed 113280K, reserved 1146880K
  class space    used 15151K, committed 15552K, reserved 1048576K
}
Event: 27.504 GC heap after
{Heap after GC invocations=59 (full 0):
 garbage-first heap   total 332800K, used 209061K [0x0000000080000000, 0x0000000100000000)
  region size 1024K, 2 young (2048K), 2 survivors (2048K)
 Metaspace       used 112331K, committed 113280K, reserved 1146880K
  class space    used 15151K, committed 15552K, reserved 1048576K
}
Event: 27.859 GC heap before
{Heap before GC invocations=59 (full 0):
 garbage-first heap   total 332800K, used 270501K [0x0000000080000000, 0x0000000100000000)
  region size 1024K, 63 young (64512K), 2 survivors (2048K)
 Metaspace       used 112558K, committed 113472K, reserved 1155072K
  class space    used 15151K, committed 15552K, reserved 1048576K
}
Event: 27.865 GC heap after
{Heap after GC invocations=60 (full 0):
 garbage-first heap   total 332800K, used 211492K [0x0000000080000000, 0x0000000100000000)
  region size 1024K, 4 young (4096K), 4 survivors (4096K)
 Metaspace       used 112558K, committed 113472K, reserved 1155072K
  class space    used 15151K, committed 15552K, reserved 1048576K
}
Event: 28.751 GC heap before
{Heap before GC invocations=61 (full 0):
 garbage-first heap   total 388096K, used 273956K [0x0000000080000000, 0x0000000100000000)
  region size 1024K, 66 young (67584K), 4 survivors (4096K)
 Metaspace       used 113082K, committed 113984K, reserved 1155072K
  class space    used 15190K, committed 15552K, reserved 1048576K
}
Event: 28.764 GC heap after
{Heap after GC invocations=62 (full 0):
 garbage-first heap   total 388096K, used 216936K [0x0000000080000000, 0x0000000100000000)
  region size 1024K, 9 young (9216K), 9 survivors (9216K)
 Metaspace       used 113082K, committed 113984K, reserved 1155072K
  class space    used 15190K, committed 15552K, reserved 1048576K
}
Event: 28.873 GC heap before
{Heap before GC invocations=62 (full 0):
 garbage-first heap   total 388096K, used 226152K [0x0000000080000000, 0x0000000100000000)
  region size 1024K, 18 young (18432K), 9 survivors (9216K)
 Metaspace       used 113095K, committed 113984K, reserved 1155072K
  class space    used 15190K, committed 15552K, reserved 1048576K
}
Event: 28.882 GC heap after
{Heap after GC invocations=63 (full 0):
 garbage-first heap   total 388096K, used 217297K [0x0000000080000000, 0x0000000100000000)
  region size 1024K, 2 young (2048K), 2 survivors (2048K)
 Metaspace       used 113095K, committed 113984K, reserved 1155072K
  class space    used 15190K, committed 15552K, reserved 1048576K
}
Event: 29.539 GC heap before
{Heap before GC invocations=63 (full 0):
 garbage-first heap   total 388096K, used 313553K [0x0000000080000000, 0x0000000100000000)
  region size 1024K, 97 young (99328K), 2 survivors (2048K)
 Metaspace       used 114162K, committed 115136K, reserved 1155072K
  class space    used 15325K, committed 15744K, reserved 1048576K
}

