# JRE version: OpenJDK Runtime Environment (17.0.6) (build 17.0.6+0-b2043.56-9586694)
# Java VM: OpenJDK 64-Bit Server VM (17.0.6+0-b2043.56-9586694, mixed mode, tiered, compressed oops, compressed class ptrs, g1 gc, windows-amd64)
GC Precious Log:
 CPUs: 8 total, 8 available
 Memory: 16258M
 Large Page Support: Disabled
 NUMA Support: Disabled
 Compressed Oops: Enabled (32-bit)
 Heap Region Size: 1M
 Heap Min Capacity: 8M
 Heap Initial Capacity: 256M
 Heap Max Capacity: 2G
 Pre-touch: Disabled
 Parallel Workers: 8
 Concurrent Workers: 2
 Concurrent Refinement Workers: 8
 Periodic GC: Disabled
Heap:
 garbage-first heap   total 396288K, used 299114K [0x0000000080000000, 0x0000000100000000)
  region size 1024K, 186 young (190464K), 22 survivors (22528K)
 Metaspace       used 100735K, committed 101632K, reserved 1138688K
  class space    used 13763K, committed 14208K, reserved 1048576K
GC Heap History (20 events):
Event: 17.084 GC heap before
{Heap before GC invocations=32 (full 0):
 garbage-first heap   total 166912K, used 86266K [0x0000000080000000, 0x0000000100000000)
  region size 1024K, 9 young (9216K), 8 survivors (8192K)
 Metaspace       used 86774K, committed 87488K, reserved 1130496K
  class space    used 11852K, committed 12160K, reserved 1048576K
}
Event: 17.092 GC heap after
{Heap after GC invocations=33 (full 0):
 garbage-first heap   total 166912K, used 85853K [0x0000000080000000, 0x0000000100000000)
  region size 1024K, 2 young (2048K), 2 survivors (2048K)
 Metaspace       used 86774K, committed 87488K, reserved 1130496K
  class space    used 11852K, committed 12160K, reserved 1048576K
}
Event: 17.685 GC heap before
{Heap before GC invocations=33 (full 0):
 garbage-first heap   total 166912K, used 135005K [0x0000000080000000, 0x0000000100000000)
  region size 1024K, 50 young (51200K), 2 survivors (2048K)
 Metaspace       used 88121K, committed 88896K, reserved 1130496K
  class space    used 12037K, committed 12352K, reserved 1048576K
}
Event: 17.692 GC heap after
{Heap after GC invocations=34 (full 0):
 garbage-first heap   total 166912K, used 91596K [0x0000000080000000, 0x0000000100000000)
  region size 1024K, 7 young (7168K), 7 survivors (7168K)
 Metaspace       used 88121K, committed 88896K, reserved 1130496K
  class space    used 12037K, committed 12352K, reserved 1048576K
}
Event: 18.510 GC heap before
{Heap before GC invocations=34 (full 0):
 garbage-first heap   total 166912K, used 135628K [0x0000000080000000, 0x0000000100000000)
  region size 1024K, 50 young (51200K), 7 survivors (7168K)
 Metaspace       used 89756K, committed 90560K, reserved 1130496K
  class space    used 12374K, committed 12736K, reserved 1048576K
}
Event: 18.520 GC heap after
{Heap after GC invocations=35 (full 0):
 garbage-first heap   total 166912K, used 98660K [0x0000000080000000, 0x0000000100000000)
  region size 1024K, 7 young (7168K), 7 survivors (7168K)
 Metaspace       used 89756K, committed 90560K, reserved 1130496K
  class space    used 12374K, committed 12736K, reserved 1048576K
}
Event: 20.443 GC heap before
{Heap before GC invocations=35 (full 0):
 garbage-first heap   total 166912K, used 134500K [0x0000000080000000, 0x0000000100000000)
  region size 1024K, 43 young (44032K), 7 survivors (7168K)
 Metaspace       used 90645K, committed 91456K, reserved 1130496K
  class space    used 12449K, committed 12800K, reserved 1048576K
}
Event: 20.453 GC heap after
{Heap after GC invocations=36 (full 0):
 garbage-first heap   total 166912K, used 102699K [0x0000000080000000, 0x0000000100000000)
  region size 1024K, 5 young (5120K), 5 survivors (5120K)
 Metaspace       used 90645K, committed 91456K, reserved 1130496K
  class space    used 12449K, committed 12800K, reserved 1048576K
}
Event: 20.968 GC heap before
{Heap before GC invocations=36 (full 0):
 garbage-first heap   total 166912K, used 134443K [0x0000000080000000, 0x0000000100000000)
  region size 1024K, 37 young (37888K), 5 survivors (5120K)
 Metaspace       used 91176K, committed 91968K, reserved 1130496K
  class space    used 12542K, committed 12864K, reserved 1048576K
}
Event: 20.974 GC heap after
{Heap after GC invocations=37 (full 0):
 garbage-first heap   total 166912K, used 105421K [0x0000000080000000, 0x0000000100000000)
  region size 1024K, 3 young (3072K), 3 survivors (3072K)
 Metaspace       used 91176K, committed 91968K, reserved 1130496K
  class space    used 12542K, committed 12864K, reserved 1048576K
}
Event: 21.318 GC heap before
{Heap before GC invocations=37 (full 0):
 garbage-first heap   total 166912K, used 137165K [0x0000000080000000, 0x0000000100000000)
  region size 1024K, 35 young (35840K), 3 survivors (3072K)
 Metaspace       used 91334K, committed 92096K, reserved 1130496K
  class space    used 12543K, committed 12864K, reserved 1048576K
}
Event: 21.322 GC heap after
{Heap after GC invocations=38 (full 0):
 garbage-first heap   total 166912K, used 106950K [0x0000000080000000, 0x0000000100000000)
  region size 1024K, 5 young (5120K), 5 survivors (5120K)
 Metaspace       used 91334K, committed 92096K, reserved 1130496K
  class space    used 12543K, committed 12864K, reserved 1048576K
}
Event: 21.712 GC heap before
{Heap before GC invocations=38 (full 0):
 garbage-first heap   total 166912K, used 137670K [0x0000000080000000, 0x0000000100000000)
  region size 1024K, 36 young (36864K), 5 survivors (5120K)
 Metaspace       used 91446K, committed 92160K, reserved 1130496K
  class space    used 12543K, committed 12864K, reserved 1048576K
}
Event: 21.717 GC heap after
{Heap after GC invocations=39 (full 0):
 garbage-first heap   total 166912K, used 108880K [0x0000000080000000, 0x0000000100000000)
  region size 1024K, 4 young (4096K), 4 survivors (4096K)
 Metaspace       used 91446K, committed 92160K, reserved 1130496K
  class space    used 12543K, committed 12864K, reserved 1048576K
}
Event: 22.202 GC heap before
{Heap before GC invocations=39 (full 0):
 garbage-first heap   total 166912K, used 140624K [0x0000000080000000, 0x0000000100000000)
  region size 1024K, 35 young (35840K), 4 survivors (4096K)
 Metaspace       used 92155K, committed 92928K, reserved 1130496K
  class space    used 12622K, committed 12992K, reserved 1048576K
}
Event: 22.212 GC heap after
{Heap after GC invocations=40 (full 0):
 garbage-first heap   total 396288K, used 111884K [0x0000000080000000, 0x0000000100000000)
  region size 1024K, 5 young (5120K), 5 survivors (5120K)
 Metaspace       used 92155K, committed 92928K, reserved 1130496K
  class space    used 12622K, committed 12992K, reserved 1048576K
}
Event: 24.675 GC heap before
{Heap before GC invocations=40 (full 0):
 garbage-first heap   total 396288K, used 313612K [0x0000000080000000, 0x0000000100000000)
  region size 1024K, 202 young (206848K), 5 survivors (5120K)
 Metaspace       used 92576K, committed 93440K, reserved 1130496K
  class space    used 12669K, committed 13056K, reserved 1048576K
}
Event: 24.693 GC heap after
{Heap after GC invocations=41 (full 0):
 garbage-first heap   total 396288K, used 123715K [0x0000000080000000, 0x0000000100000000)
  region size 1024K, 17 young (17408K), 17 survivors (17408K)
 Metaspace       used 92576K, committed 93440K, reserved 1130496K
  class space    used 12669K, committed 13056K, reserved 1048576K
}
Event: 29.889 GC heap before
{Heap before GC invocations=41 (full 0):
 garbage-first heap   total 396288K, used 309059K [0x0000000080000000, 0x0000000100000000)
  region size 1024K, 199 young (203776K), 17 survivors (17408K)
 Metaspace       used 100260K, committed 100992K, reserved 1138688K
  class space    used 13699K, committed 14016K, reserved 1048576K
}
Event: 29.911 GC heap after
{Heap after GC invocations=42 (full 0):
 garbage-first heap   total 396288K, used 133226K [0x0000000080000000, 0x0000000100000000)
  region size 1024K, 22 young (22528K), 22 survivors (22528K)
 Metaspace       used 100260K, committed 100992K, reserved 1138688K
  class space    used 13699K, committed 14016K, reserved 1048576K
}

