# JRE version: OpenJDK Runtime Environment (17.0.6) (build 17.0.6+0-b2043.56-9586694)
# Java VM: OpenJDK 64-Bit Server VM (17.0.6+0-b2043.56-9586694, mixed mode, tiered, compressed oops, compressed class ptrs, g1 gc, windows-amd64)
GC Precious Log:
 CPUs: 8 total, 8 available
 Memory: 16258M
 Large Page Support: Disabled
 NUMA Support: Disabled
 Compressed Oops: Enabled (32-bit)
 Heap Region Size: 1M
 Heap Min Capacity: 8M
 Heap Initial Capacity: 256M
 Heap Max Capacity: 2G
 Pre-touch: Disabled
 Parallel Workers: 8
 Concurrent Workers: 2
 Concurrent Refinement Workers: 8
 Periodic GC: Disabled
Heap:
 garbage-first heap   total 477184K, used 289557K [0x0000000080000000, 0x0000000100000000)
  region size 1024K, 178 young (182272K), 1 survivors (1024K)
 Metaspace       used 92495K, committed 93312K, reserved 1130496K
  class space    used 12678K, committed 13056K, reserved 1048576K
GC Heap History (20 events):
Event: 10.637 GC heap before
{Heap before GC invocations=28 (full 0):
 garbage-first heap   total 145408K, used 110925K [0x0000000080000000, 0x0000000100000000)
  region size 1024K, 40 young (40960K), 4 survivors (4096K)
 Metaspace       used 79423K, committed 80064K, reserved 1122304K
  class space    used 10790K, committed 11072K, reserved 1048576K
}
Event: 10.643 GC heap after
{Heap after GC invocations=29 (full 0):
 garbage-first heap   total 145408K, used 77189K [0x0000000080000000, 0x0000000100000000)
  region size 1024K, 4 young (4096K), 4 survivors (4096K)
 Metaspace       used 79423K, committed 80064K, reserved 1122304K
  class space    used 10790K, committed 11072K, reserved 1048576K
}
Event: 10.900 GC heap before
{Heap before GC invocations=29 (full 0):
 garbage-first heap   total 145408K, used 116101K [0x0000000080000000, 0x0000000100000000)
  region size 1024K, 42 young (43008K), 4 survivors (4096K)
 Metaspace       used 80134K, committed 80768K, reserved 1122304K
  class space    used 10915K, committed 11200K, reserved 1048576K
}
Event: 10.908 GC heap after
{Heap after GC invocations=30 (full 0):
 garbage-first heap   total 175104K, used 79522K [0x0000000080000000, 0x0000000100000000)
  region size 1024K, 6 young (6144K), 6 survivors (6144K)
 Metaspace       used 80134K, committed 80768K, reserved 1122304K
  class space    used 10915K, committed 11200K, reserved 1048576K
}
Event: 11.848 GC heap before
{Heap before GC invocations=31 (full 0):
 garbage-first heap   total 175104K, used 138914K [0x0000000080000000, 0x0000000100000000)
  region size 1024K, 64 young (65536K), 6 survivors (6144K)
 Metaspace       used 86544K, committed 87232K, reserved 1130496K
  class space    used 11842K, committed 12160K, reserved 1048576K
}
Event: 11.857 GC heap after
{Heap after GC invocations=32 (full 0):
 garbage-first heap   total 175104K, used 84302K [0x0000000080000000, 0x0000000100000000)
  region size 1024K, 8 young (8192K), 8 survivors (8192K)
 Metaspace       used 86544K, committed 87232K, reserved 1130496K
  class space    used 11842K, committed 12160K, reserved 1048576K
}
Event: 11.866 GC heap before
{Heap before GC invocations=32 (full 0):
 garbage-first heap   total 175104K, used 85326K [0x0000000080000000, 0x0000000100000000)
  region size 1024K, 9 young (9216K), 8 survivors (8192K)
 Metaspace       used 86561K, committed 87296K, reserved 1130496K
  class space    used 11842K, committed 12160K, reserved 1048576K
}
Event: 11.874 GC heap after
{Heap after GC invocations=33 (full 0):
 garbage-first heap   total 175104K, used 84824K [0x0000000080000000, 0x0000000100000000)
  region size 1024K, 2 young (2048K), 2 survivors (2048K)
 Metaspace       used 86561K, committed 87296K, reserved 1130496K
  class space    used 11842K, committed 12160K, reserved 1048576K
}
Event: 12.388 GC heap before
{Heap before GC invocations=33 (full 0):
 garbage-first heap   total 175104K, used 140120K [0x0000000080000000, 0x0000000100000000)
  region size 1024K, 56 young (57344K), 2 survivors (2048K)
 Metaspace       used 88129K, committed 88896K, reserved 1130496K
  class space    used 12053K, committed 12416K, reserved 1048576K
}
Event: 12.396 GC heap after
{Heap after GC invocations=34 (full 0):
 garbage-first heap   total 175104K, used 91902K [0x0000000080000000, 0x0000000100000000)
  region size 1024K, 7 young (7168K), 7 survivors (7168K)
 Metaspace       used 88129K, committed 88896K, reserved 1130496K
  class space    used 12053K, committed 12416K, reserved 1048576K
}
Event: 13.017 GC heap before
{Heap before GC invocations=35 (full 0):
 garbage-first heap   total 175104K, used 140030K [0x0000000080000000, 0x0000000100000000)
  region size 1024K, 55 young (56320K), 7 survivors (7168K)
 Metaspace       used 89978K, committed 90688K, reserved 1130496K
  class space    used 12398K, committed 12736K, reserved 1048576K
}
Event: 13.028 GC heap after
{Heap after GC invocations=36 (full 0):
 garbage-first heap   total 175104K, used 100000K [0x0000000080000000, 0x0000000100000000)
  region size 1024K, 7 young (7168K), 7 survivors (7168K)
 Metaspace       used 89978K, committed 90688K, reserved 1130496K
  class space    used 12398K, committed 12736K, reserved 1048576K
}
Event: 13.050 GC heap before
{Heap before GC invocations=36 (full 0):
 garbage-first heap   total 175104K, used 101024K [0x0000000080000000, 0x0000000100000000)
  region size 1024K, 8 young (8192K), 7 survivors (7168K)
 Metaspace       used 89998K, committed 90752K, reserved 1130496K
  class space    used 12398K, committed 12736K, reserved 1048576K
}
Event: 13.058 GC heap after
{Heap after GC invocations=37 (full 0):
 garbage-first heap   total 175104K, used 101376K [0x0000000080000000, 0x0000000100000000)
  region size 1024K, 1 young (1024K), 1 survivors (1024K)
 Metaspace       used 89998K, committed 90752K, reserved 1130496K
  class space    used 12398K, committed 12736K, reserved 1048576K
}
Event: 13.494 GC heap before
{Heap before GC invocations=37 (full 0):
 garbage-first heap   total 175104K, used 140288K [0x0000000080000000, 0x0000000100000000)
  region size 1024K, 40 young (40960K), 1 survivors (1024K)
 Metaspace       used 90995K, committed 91776K, reserved 1130496K
  class space    used 12564K, committed 12928K, reserved 1048576K
}
Event: 13.501 GC heap after
{Heap after GC invocations=38 (full 0):
 garbage-first heap   total 175104K, used 105844K [0x0000000080000000, 0x0000000100000000)
  region size 1024K, 5 young (5120K), 5 survivors (5120K)
 Metaspace       used 90995K, committed 91776K, reserved 1130496K
  class space    used 12564K, committed 12928K, reserved 1048576K
}
Event: 13.853 GC heap before
{Heap before GC invocations=39 (full 0):
 garbage-first heap   total 201728K, used 140660K [0x0000000080000000, 0x0000000100000000)
  region size 1024K, 40 young (40960K), 5 survivors (5120K)
 Metaspace       used 91275K, committed 92032K, reserved 1130496K
  class space    used 12564K, committed 12928K, reserved 1048576K
}
Event: 13.861 GC heap after
{Heap after GC invocations=40 (full 0):
 garbage-first heap   total 201728K, used 108258K [0x0000000080000000, 0x0000000100000000)
  region size 1024K, 3 young (3072K), 3 survivors (3072K)
 Metaspace       used 91275K, committed 92032K, reserved 1130496K
  class space    used 12564K, committed 12928K, reserved 1048576K
}
Event: 13.903 GC heap before
{Heap before GC invocations=40 (full 0):
 garbage-first heap   total 201728K, used 114402K [0x0000000080000000, 0x0000000100000000)
  region size 1024K, 9 young (9216K), 3 survivors (3072K)
 Metaspace       used 91295K, committed 92032K, reserved 1130496K
  class space    used 12564K, committed 12928K, reserved 1048576K
}
Event: 13.908 GC heap after
{Heap after GC invocations=41 (full 0):
 garbage-first heap   total 477184K, used 108309K [0x0000000080000000, 0x0000000100000000)
  region size 1024K, 1 young (1024K), 1 survivors (1024K)
 Metaspace       used 91295K, committed 92032K, reserved 1130496K
  class space    used 12564K, committed 12928K, reserved 1048576K
}

